# FROM SA TEMP 2000, CR = 0.9, TMAX = 100
2024-06-14 04:29:09,319 - test - Computation time = 76.93983221054077
2024-06-14 04:29:09,320 - test - 
Time complexity of the algorithm for 100 iterations = 0.7693983221054077 seconds
2024-06-14 04:29:09,320 - test - Best solution = {'WA': ['ID', 'WA', 'OR', 'AK'], 'TN': ['AR', 'MO', 'PA', 'VA', 'WV', 'AL', 'KY', 'DE', 'GA', 'FL', 'MS', 'KS', 'MD', 'NJ', 'NC', 'SC', 'OH', 'TN', 'CT'], 'UT': ['CO', 'UT', 'CA', 'AZ', 'WY', 'NV'], 'NY': ['MA', 'NY', 'VT', 'RI'], 'ND': ['SD', 'ND', 'WI', 'MN', 'IN', 'NE', 'IA', 'MT'], 'IL': ['IL', 'HI', 'MI', 'ME', 'NH', 'DC'], 'TX': ['NM', 'TX', 'LA', 'OK']}
2024-06-14 04:29:09,431 - test - Total costs = 9742589.24476055
2024-06-14 04:29:09,551 - test - Difference of costs = 74750.2039322406

# FROM SA TEMP 2000, CR = 0.999, TMAX = 1000
2024-06-14 04:38:08,290 - test - Computation time = 20.100895643234253
2024-06-14 04:38:08,290 - test - 
Time complexity of the algorithm for 1000 iterations = 0.020100895643234255 seconds
2024-06-14 04:38:08,290 - test - Best solution = {'WA': ['AK', 'WA'], 'TN': ['PA', 'MD', 'TN', 'OH', 'AL', 'DC', 'RI', 'ME', 'WV', 'NJ', 'HI', 'NC', 'KY', 'MS', 'GA', 'KS', 'IL', 'FL', 'MI', 'AR', 'MA', 'VA', 'CT', 'SC', 'DE', 'MO', 'NY'], 'UT': ['NV', 'ID', 'CA', 'AZ', 'UT', 'CO', 'WY'], 'NY': ['VT'], 'ND': ['ND', 'MN', 'OR', 'IA', 'NE', 'MT', 'WI', 'SD', 'IN'], 'IL': ['NH'], 'TX': ['LA', 'OK', 'NM', 'TX']}
2024-06-14 04:38:08,309 - test - Total costs = 9678469.7226878
2024-06-14 04:38:08,329 - test - Difference of costs = 138869.72600499168

# FROM SA TEMP 2000, CR = 0.8, TMAX = 200
2024-06-14 04:12:26,844 - simulated_annealing - Improving allocation = {'WA': ['AK', 'ID', 'OR', 'WA'], 'ND': ['IA', 'IN', 'MN', 'MT', 'ND', 'NE', 'SD', 'WI'], 'IL': ['IL', 'MI'], 'TX': ['LA', 'NM', 'OK', 'TX'], 'TN': ['AL', 'AR', 'FL', 'GA', 'KS', 'KY', 'MO', 'MS', 'NC', 'OH', 'PA', 'SC', 'TN', 'VA', 'WV'], 'UT': ['AZ', 'CA', 'CO', 'NV', 'UT', 'WY'], 'NY': ['CT', 'DE', 'HI', 'MA', 'MD', 'ME', 'NH', 'NJ', 'NY', 'RI', 'VT', 'DC']}
2024-06-14 04:12:29,202 - simulated_annealing - Computation time = 18.669376611709595
2024-06-14 04:12:29,202 - simulated_annealing - 
Time complexity of the algorithm for 500 iterations = 0.03733875322341919 seconds
2024-06-14 04:12:46,938 - simulated_annealing - SA's objective value: 9817339.448692791

# FROM TABU SEARCH MIN IT = 200, TENURE = 5, not greedy allocation
2024-06-14 03:53:31,516 - tabu_search - Improving allocation = {'WA': ['ME', 'RI', 'WY'], 'ND': ['IA', 'IN', 'MN', 'ND', 'WI', 'MI', 'ID', 'IL', 'VT'], 'IL': ['OR', 'NH', 'DE'], 'TX': ['MT', 'NV', 'SC', 'PA'], 'TN': ['AL', 'AR', 'FL', 'GA', 'KS', 'KY', 'MO', 'MS', 'NC', 'OH', 'TN', 'VA', 'TX', 'NM', 'AZ', 'MA', 'NY', 'NE', 'AK', 'LA', 'OK', 'WA', 'NJ'], 'UT': ['CA', 'CO', 'UT', 'DC', 'SD', 'MD', 'WV', 'CT'], 'NY': ['HI']}
10236851.58724918

# FROM TABU SEARCH MIN IT = 200, TENURE = 5, greedy allocation
2024-06-14 03:55:07,483 - tabu_search - Improving allocation = {'WA': ['ID', 'OR', 'WA'], 'TN': ['AL', 'AR', 'FL', 'GA', 'KS', 'KY', 'MO', 'MS', 'NC', 'OH', 'PA', 'SC', 'TN', 'VA', 'WV', 'MI'], 'UT': ['AZ', 'CA', 'CO', 'NV', 'UT', 'WY'], 'NY': ['CT', 'DE', 'HI', 'MA', 'MD', 'ME', 'NH', 'NJ', 'NY', 'RI', 'VT', 'DC'], 'ND': ['IA', 'IN', 'MN', 'MT', 'ND', 'NE', 'SD', 'WI', 'AK'], 'IL': ['IL'], 'TX': ['LA', 'NM', 'OK', 'TX']}
9809541.9660783